<?xml version="1.0" encoding="UTF-8"?>
<testsuite xmlns:xsi="http://www.w3.org/2001/XMLSchema-instance" xsi:noNamespaceSchemaLocation="https://maven.apache.org/surefire/maven-surefire-plugin/xsd/surefire-test-report.xsd" version="3.0.1" name="es.upm.grise.profundizacion.file.FileTest" time="0.121" tests="19" errors="0" skipped="0" failures="0">
  <properties>
[...]
</properties>
  <testcase name="testAddPropertyToImageFileThrowsException" classname="es.upm.grise.profundizacion.file.FileTest" time="0.049"/>
  <testcase name="testGetCRC32WithSingleCharacter" classname="es.upm.grise.profundizacion.file.FileTest" time="0.003"/>
  <testcase name="testGetCRC32WithEmptyContent" classname="es.upm.grise.profundizacion.file.FileTest" time="0.002"/>
  <testcase name="testGetCRC32WithHighByteValues" classname="es.upm.grise.profundizacion.file.FileTest" time="0.002"/>
  <testcase name="testGetContentReturnsCorrectListInstance" classname="es.upm.grise.profundizacion.file.FileTest" time="0.002"/>
  <testcase name="testAddPropertyToPropertyFile" classname="es.upm.grise.profundizacion.file.FileTest" time="0.007"/>
  <testcase name="testAddPropertyWithMultipleCharacters" classname="es.upm.grise.profundizacion.file.FileTest" time="0.001"/>
  <testcase name="testGetCRC32Deterministic" classname="es.upm.grise.profundizacion.file.FileTest" time="0.0"/>
  <testcase name="testGetCRC32MatchesExpectedValue" classname="es.upm.grise.profundizacion.file.FileTest" time="0.001"/>
  <testcase name="testAddPropertyMultipleTimes" classname="es.upm.grise.profundizacion.file.FileTest" time="0.0"/>
  <testcase name="testAddPropertyWithSingleCharacter" classname="es.upm.grise.profundizacion.file.FileTest" time="0.0"/>
  <testcase name="testGetCRC32WithContent" classname="es.upm.grise.profundizacion.file.FileTest" time="0.002"/>
  <testcase name="testConstructorInitializesEmptyContent" classname="es.upm.grise.profundizacion.file.FileTest" time="0.001"/>
  <testcase name="testAddPropertyWithEmptyArray" classname="es.upm.grise.profundizacion.file.FileTest" time="0.001"/>
  <testcase name="testAddPropertyWithUnicodeCharacters" classname="es.upm.grise.profundizacion.file.FileTest" time="0.001"/>
  <testcase name="testGetContent" classname="es.upm.grise.profundizacion.file.FileTest" time="0.001"/>
  <testcase name="testSetType" classname="es.upm.grise.profundizacion.file.FileTest" time="0.004"/>
  <testcase name="testConstructorInitializesTypeAsNull" classname="es.upm.grise.profundizacion.file.FileTest" time="0.002"/>
  <testcase name="testAddPropertyWithNullContentThrowsException" classname="es.upm.grise.profundizacion.file.FileTest" time="0.003"/>
</testsuite>